<?xml version="1.0" encoding="UTF-8"?>
<robot generator="Robot 7.2.2 (Python 3.13.3 on win32)" generated="2025-05-08T12:59:39.297812" rpa="false" schemaversion="5">
<suite id="s1" name="Zandbak Test" source="C:\Ontwikkeling\robot-scripts\toolshop-demo\tests\zandbak_test.robot">
<kw name="Open chrome en ga naar toolshopdemo" owner="common_keywords" type="SETUP">
<kw name="Open Browser" owner="SeleniumLibrary">
<msg time="2025-05-08T12:59:39.746622" level="INFO">Opening browser 'firefox' to base url 'https://practicesoftwaretesting.com/'.</msg>
<arg>${URL}</arg>
<arg>${BROWSER}</arg>
<doc>Opens a new browser instance to the optional ``url``.</doc>
<status status="PASS" start="2025-05-08T12:59:39.746412" elapsed="11.140756"/>
</kw>
<kw name="Maximize Browser Window" owner="SeleniumLibrary">
<doc>Maximizes current browser window.</doc>
<status status="PASS" start="2025-05-08T12:59:50.887483" elapsed="0.356039"/>
</kw>
<status status="PASS" start="2025-05-08T12:59:39.745894" elapsed="11.497959"/>
</kw>
<test id="s1-t1" name="Verifieer of de pointer naar rechts kan worden gesleept" line="13">
<kw name="Sleep de pointer naar rechts" owner="home_page">
<kw name="Sleep" owner="BuiltIn">
<msg time="2025-05-08T12:59:53.247412" level="INFO">Slept 2 seconds.</msg>
<arg>2s</arg>
<doc>Pauses the test executed for the given time.</doc>
<status status="PASS" start="2025-05-08T12:59:51.246984" elapsed="2.000542"/>
</kw>
<kw name="Execute Javascript" owner="SeleniumLibrary">
<msg time="2025-05-08T12:59:53.248011" level="INFO">Executing JavaScript:
document.querySelector("//span[@ngxsliderhandle and contains(@class, 'ngx-slider-pointer-min')]").style.left = "30px"
Without any arguments.</msg>
<msg time="2025-05-08T12:59:53.453813" level="INFO" html="true">&lt;/td&gt;&lt;/tr&gt;&lt;tr&gt;&lt;td colspan="3"&gt;&lt;a href="selenium-screenshot-5.png"&gt;&lt;img src="selenium-screenshot-5.png" width="800px"&gt;&lt;/a&gt;</msg>
<msg time="2025-05-08T12:59:53.454039" level="FAIL">JavascriptException: Message: SyntaxError: Document.querySelector: '//span[@ngxsliderhandle and contains(@class, 'ngx-slider-pointer-min')]' is not a valid selector
Stacktrace:
@https://practicesoftwaretesting.com/:2:16
@https://practicesoftwaretesting.com/:3:8
</msg>
<arg>document.querySelector("//span[@ngxsliderhandle and contains(@class, 'ngx-slider-pointer-min')]").style.left = "30px"</arg>
<doc>Executes the given JavaScript code with possible arguments.</doc>
<status status="FAIL" start="2025-05-08T12:59:53.247680" elapsed="0.208632">JavascriptException: Message: SyntaxError: Document.querySelector: '//span[@ngxsliderhandle and contains(@class, 'ngx-slider-pointer-min')]' is not a valid selector
Stacktrace:
@https://practicesoftwaretesting.com/:2:16
@https://practicesoftwaretesting.com/:3:8
</status>
</kw>
<kw name="Get Element Attribute" owner="SeleniumLibrary">
<var>${new_left}</var>
<arg>//span[@ngxsliderhandle and contains(@class, 'ngx-slider-pointer-min')]</arg>
<arg>style</arg>
<doc>Returns the value of ``attribute`` from the element ``locator``.</doc>
<status status="NOT RUN" start="2025-05-08T12:59:53.456497" elapsed="0.000033"/>
</kw>
<kw name="Sleep" owner="BuiltIn">
<arg>2s</arg>
<doc>Pauses the test executed for the given time.</doc>
<status status="NOT RUN" start="2025-05-08T12:59:53.456613" elapsed="0.000019"/>
</kw>
<tag>homepage</tag>
<tag>smoke</tag>
<tag>ui</tag>
<doc>Deze testcase controleert of de pointer naar rechtsboven kan worden gesleept.</doc>
<status status="FAIL" start="2025-05-08T12:59:51.246419" elapsed="2.210314">JavascriptException: Message: SyntaxError: Document.querySelector: '//span[@ngxsliderhandle and contains(@class, 'ngx-slider-pointer-min')]' is not a valid selector
Stacktrace:
@https://practicesoftwaretesting.com/:2:16
@https://practicesoftwaretesting.com/:3:8
</status>
</kw>
<doc>Deze testcase controleert of de pointer naar rechts kan worden gesleept.</doc>
<tag>homepage</tag>
<tag>smoke</tag>
<tag>ui</tag>
<status status="FAIL" start="2025-05-08T12:59:51.244066" elapsed="2.213351">JavascriptException: Message: SyntaxError: Document.querySelector: '//span[@ngxsliderhandle and contains(@class, 'ngx-slider-pointer-min')]' is not a valid selector
Stacktrace:
@https://practicesoftwaretesting.com/:2:16
@https://practicesoftwaretesting.com/:3:8
</status>
</test>
<kw name="Sluit de browser" owner="common_keywords" type="TEARDOWN">
<kw name="Close Browser" owner="SeleniumLibrary">
<doc>Closes the current browser.</doc>
<status status="PASS" start="2025-05-08T12:59:53.459893" elapsed="3.032934"/>
</kw>
<status status="PASS" start="2025-05-08T12:59:53.459474" elapsed="3.033614"/>
</kw>
<status status="FAIL" start="2025-05-08T12:59:39.299722" elapsed="17.193423"/>
</suite>
<statistics>
<total>
<stat pass="0" fail="1" skip="0">All Tests</stat>
</total>
<tag>
<stat pass="0" fail="1" skip="0">homepage</stat>
<stat pass="0" fail="1" skip="0">smoke</stat>
<stat pass="0" fail="1" skip="0">ui</stat>
</tag>
<suite>
<stat name="Zandbak Test" id="s1" pass="0" fail="1" skip="0">Zandbak Test</stat>
</suite>
</statistics>
<errors>
</errors>
</robot>
